<?xml version="1.0" encoding="UTF-8"?>
<!-- Generated by org.testng.reporters.JUnitXMLReporter -->
<testsuite hostname="DESKTOP-RDCSEE5" ignored="0" name="Add manager test" tests="1" failures="1" timestamp="08 May 2018 15:06:55 GMT" time="0.421" errors="0">
  <testcase name="loginAsBankManager" time="0.389" classname="testcases.BankManagerLoginTest">
    <failure type="java.lang.AssertionError" message="Login not successful">
      <![CDATA[java.lang.AssertionError: Login not successful
at testcases.BankManagerLoginTest.loginAsBankManager(BankManagerLoginTest.java:21)
... Removed 26 stack frames]]>
    </failure>
  </testcase> <!-- loginAsBankManager -->
</testsuite> <!-- Add manager test -->
