<?xml version="1.0" encoding="UTF-8"?>
<testng-results skipped="0" failed="0" ignored="0" total="1" passed="1">
  <reporter-output>
  </reporter-output>
  <suite name="Data Driven Basic" duration-ms="4755" started-at="2018-04-26T11:03:51Z" finished-at="2018-04-26T11:03:55Z">
    <groups>
    </groups>
    <test name="LoginTest" duration-ms="4755" started-at="2018-04-26T11:03:51Z" finished-at="2018-04-26T11:03:55Z">
      <class name="testcases.LoginTest">
        <test-method status="PASS" signature="setUp()[pri:0, instance:testcases.LoginTest@23e028a9]" name="setUp" is-config="true" duration-ms="29539" started-at="2018-04-26T11:03:21Z" finished-at="2018-04-26T11:03:51Z">
          <reporter-output>
          </reporter-output>
        </test-method> <!-- setUp -->
        <test-method status="PASS" signature="loginAsBankManager()[pri:0, instance:testcases.LoginTest@23e028a9]" name="loginAsBankManager" duration-ms="4740" started-at="2018-04-26T11:03:51Z" finished-at="2018-04-26T11:03:55Z">
          <reporter-output>
          </reporter-output>
        </test-method> <!-- loginAsBankManager -->
        <test-method status="PASS" signature="tearDown()[pri:0, instance:testcases.LoginTest@23e028a9]" name="tearDown" is-config="true" duration-ms="679" started-at="2018-04-26T11:03:56Z" finished-at="2018-04-26T11:03:56Z">
          <reporter-output>
          </reporter-output>
        </test-method> <!-- tearDown -->
      </class> <!-- testcases.LoginTest -->
    </test> <!-- LoginTest -->
  </suite> <!-- Data Driven Basic -->
</testng-results>
